config_set_compiler|INFO|Jan 04 17:25:33.126|6850|,,Start: /opt/app_protect/bin/config_set_compiler --update-signatures
config_set_compiler|INFO|Jan 04 17:25:33.131|6850|F5::LockFactory::Base::lock,,config_set_compiler Line 88 is going to lock '/opt/app_protect/lock/config_set.lock'. (flock flags: '2', dont_block: '0').
config_set_compiler|INFO|Jan 04 17:25:33.131|6850|F5::LockFactory::Base::lock,,config_set_compiler Line 88 has locked '/opt/app_protect/lock/config_set.lock'. (Lock count: '1', Self count: '1')
config_set_compiler|INFO|Jan 04 17:25:33.132|6850|(eval),,Setting nice priority to 1
config_set_compiler|INFO|Jan 04 17:25:33.147|6850|F5::Log::Job::log_job_status,,{"component":"config_set","datetime":"2024-01-05T01:25:33.147Z","jobCreateDatetime":"2024-01-05T01:25:33.147Z","jobId":"493ec0a060537a7e681a8588b11b137e","jobStatus":"started","operationId":"init"}
config_set_compiler|INFO|Jan 04 17:25:33.153|6850|F5::ConfigSet::handle_update,,Loading signatures revision 2024-01-03T15:33:28Z
config_set_compiler|INFO|Jan 04 17:25:33.154|6850|F5::ConfigSet::handle_update,,Loading signatures file /opt/app_protect/var/update_files/signatures/signatures.bin.tgz
config_set_compiler|INFO|Jan 04 17:25:54.661|6850|F5::Log::Job::log_job_status,,{"component":"config_set","datetime":"2024-01-05T01:25:54.661Z","jobCreateDatetime":"2024-01-05T01:25:33.147Z","jobId":"493ec0a060537a7e681a8588b11b137e","jobStatus":"completed","operationId":"init"}
config_set_compiler|INFO|Jan 04 17:25:54.662|6850|,,Returning: {"softwareVersion":"4.6.0","user_signatures_packages":[],"componentVersions":{"wafEngineVersion":"10.447.0","wafNginxVersion":"4.583.0"},"attack_signatures_package":{"version":"2024.01.03","revision_datetime":"2024-01-03T15:33:28Z"},"completed_successfully":true,"threat_campaigns_package":{"version":"2024.01.02"},"event":"configuration_load_success"}
config_set_compiler|INFO|Jan 04 17:25:54.662|6850|F5::LockFactory::Base::unlock,,F5::LockFactory::Base Line 131 is going to unlock '/opt/app_protect/lock/config_set.lock', which is owned by PID '6850'.
config_set_compiler|INFO|Jan 04 17:25:54.662|6850|F5::LockFactory::Base::unlock,,F5::LockFactory::Base Line 131 has unlocked '/opt/app_protect/lock/config_set.lock'. (Lock count: '0', Self count: '0')
config_set_compiler|INFO|Jan 04 17:25:55.125|6856|,,Start: /opt/app_protect/bin/config_set_compiler --update-threat-campaigns
config_set_compiler|INFO|Jan 04 17:25:55.129|6856|F5::LockFactory::Base::lock,,config_set_compiler Line 88 is going to lock '/opt/app_protect/lock/config_set.lock'. (flock flags: '2', dont_block: '0').
config_set_compiler|INFO|Jan 04 17:25:55.129|6856|F5::LockFactory::Base::lock,,config_set_compiler Line 88 has locked '/opt/app_protect/lock/config_set.lock'. (Lock count: '1', Self count: '1')
config_set_compiler|INFO|Jan 04 17:25:55.130|6856|(eval),,Setting nice priority to 1
config_set_compiler|INFO|Jan 04 17:25:55.145|6856|F5::Log::Job::log_job_status,,{"component":"config_set","datetime":"2024-01-05T01:25:55.145Z","jobCreateDatetime":"2024-01-05T01:25:55.145Z","jobId":"2a9466e1be4c3938e70af08e07cfde15","jobStatus":"started","operationId":"init"}
config_set_compiler|INFO|Jan 04 17:25:55.149|6856|F5::ConfigSet::handle_update,,Loading threat_campaigns revision 2024-01-02T08:09:00Z
config_set_compiler|INFO|Jan 04 17:25:55.149|6856|F5::ConfigSet::handle_update,,Loading threat_campaigns file /opt/app_protect/var/update_files/threat_campaigns/threat_campaigns.bin.tgz
config_set_compiler|INFO|Jan 04 17:25:57.831|6856|F5::Log::Job::log_job_status,,{"component":"config_set","datetime":"2024-01-05T01:25:57.831Z","jobCreateDatetime":"2024-01-05T01:25:55.145Z","jobId":"2a9466e1be4c3938e70af08e07cfde15","jobStatus":"completed","operationId":"init"}
config_set_compiler|INFO|Jan 04 17:25:57.832|6856|,,Returning: {"attack_signatures_package":{"version":"2024.01.03","revision_datetime":"2024-01-03T15:33:28Z"},"completed_successfully":true,"user_signatures_packages":[],"softwareVersion":"4.6.0","threat_campaigns_package":{"version":"2024.01.02","revision_datetime":"2024-01-02T08:09:00Z"},"componentVersions":{"wafNginxVersion":"4.583.0","wafEngineVersion":"10.447.0"},"event":"configuration_load_success"}
config_set_compiler|INFO|Jan 04 17:25:57.832|6856|F5::LockFactory::Base::unlock,,F5::LockFactory::Base Line 131 is going to unlock '/opt/app_protect/lock/config_set.lock', which is owned by PID '6856'.
config_set_compiler|INFO|Jan 04 17:25:57.832|6856|F5::LockFactory::Base::unlock,,F5::LockFactory::Base Line 131 has unlocked '/opt/app_protect/lock/config_set.lock'. (Lock count: '0', Self count: '0')
apcompile-full|INFO|Jan 04 17:25:58.685|6862|F5::Log::Job::log_job_status,,{"component":"config_set","datetime":"2024-01-05T01:25:58.685Z","jobCreateDatetime":"2024-01-05T01:25:58.685Z","jobId":"361b947f1bd9a1617bd408f4155609b2","jobStatus":"started","operationId":"init"}
apcompile-full|INFO|Jan 04 17:25:58.685|6862|F5::Log::Job::log_job_status,,{"component":"config_set","datetime":"2024-01-05T01:25:58.685Z","jobCreateDatetime":"2024-01-05T01:25:58.685Z","jobId":"361b947f1bd9a1617bd408f4155609b2","jobStatus":"completed","operationId":"init"}
config_set_compiler|INFO|Jun 03 12:58:06.614|4408|,,Start: /opt/app_protect/bin/config_set_compiler --update-bot-signatures
config_set_compiler|INFO|Jun 03 12:58:06.630|4408|F5::LockFactory::Base::lock,,config_set_compiler Line 88 is going to lock '/opt/app_protect/lock/config_set.lock'. (flock flags: '2', dont_block: '0').
config_set_compiler|INFO|Jun 03 12:58:06.631|4408|F5::LockFactory::Base::lock,,config_set_compiler Line 88 has locked '/opt/app_protect/lock/config_set.lock'. (Lock count: '1', Self count: '1')
config_set_compiler|INFO|Jun 03 12:58:06.635|4408|(eval),,Setting nice priority to 1
config_set_compiler|INFO|Jun 03 12:58:06.770|4408|F5::Log::Job::log_job_status,,{"component":"config_set","configSetChecksum":"5343376b10fb1333924e4d00a8ef30fa","configSetSize":null,"datetime":"2024-06-03T19:58:06.77Z","jobCreateDatetime":"2024-06-03T19:58:06.77Z","jobId":"c1dfd5541bc9caa50fc17332d54ebd38","jobStatus":"started","operationId":"init"}
config_set_compiler|INFO|Jun 03 12:58:06.772|4408|,,Returning: {"event":"configuration_load_failure","completed_successfully":false,"componentVersions":{"wafEngineVersion":"10.447.0","wafNginxVersion":"5.48.0"},"softwareVersion":"4.10.0","error_message":"Failed to read '/opt/app_protect/config/config_set.json'\n"}
config_set_compiler|INFO|Jun 03 12:58:06.772|4408|F5::LockFactory::Base::unlock,,F5::LockFactory::Base Line 131 is going to unlock '/opt/app_protect/lock/config_set.lock', which is owned by PID '4408'.
config_set_compiler|INFO|Jun 03 12:58:06.772|4408|F5::LockFactory::Base::unlock,,F5::LockFactory::Base Line 131 has unlocked '/opt/app_protect/lock/config_set.lock'. (Lock count: '0', Self count: '0')
apcompile-full|INFO|Jun 03 12:58:08.469|4424|F5::Log::Job::log_job_status,,{"component":"config_set","datetime":"2024-06-03T19:58:08.469Z","jobCreateDatetime":"2024-06-03T19:58:08.469Z","jobId":"b597262f3700dad56977926024401af3","jobStatus":"started","operationId":"init"}
apcompile-full|INFO|Jun 03 12:58:08.470|4424|F5::Log::Job::log_job_status,,{"component":"config_set","datetime":"2024-06-03T19:58:08.47Z","jobCreateDatetime":"2024-06-03T19:58:08.469Z","jobId":"b597262f3700dad56977926024401af3","jobStatus":"completed","operationId":"init"}
config_set_compiler|INFO|Jun 03 12:58:18.384|4573|,,Start: /opt/app_protect/bin/config_set_compiler --update-signatures
config_set_compiler|INFO|Jun 03 12:58:18.390|4573|F5::LockFactory::Base::lock,,config_set_compiler Line 90 is going to lock '/opt/app_protect/lock/config_set.lock'. (flock flags: '2', dont_block: '0').
config_set_compiler|INFO|Jun 03 12:58:18.390|4573|F5::LockFactory::Base::lock,,config_set_compiler Line 90 has locked '/opt/app_protect/lock/config_set.lock'. (Lock count: '1', Self count: '1')
config_set_compiler|INFO|Jun 03 12:58:18.390|4573|(eval),,Setting nice priority to 1
config_set_compiler|INFO|Jun 03 12:58:18.402|4573|F5::Log::Job::log_job_status,,{"component":"config_set","datetime":"2024-06-03T19:58:18.402Z","jobCreateDatetime":"2024-06-03T19:58:18.402Z","jobId":"ce96260ba87ceb311c7e024c417a4b69","jobStatus":"started","operationId":"init"}
config_set_compiler|INFO|Jun 03 12:58:18.410|4573|F5::ConfigSet::handle_update,,Loading signatures revision 2024-01-03T15:33:28Z
config_set_compiler|INFO|Jun 03 12:58:18.410|4573|F5::ConfigSet::handle_update,,Loading signatures file /opt/app_protect/var/update_files/signatures/signatures.bin.tgz
config_set_compiler|INFO|Jun 03 12:58:36.476|4573|F5::Log::Job::log_job_status,,{"component":"config_set","datetime":"2024-06-03T19:58:36.476Z","jobCreateDatetime":"2024-06-03T19:58:18.402Z","jobId":"ce96260ba87ceb311c7e024c417a4b69","jobStatus":"completed","operationId":"init"}
config_set_compiler|INFO|Jun 03 12:58:36.480|4573|,,Returning: {"attack_signatures_package":{"revision_datetime":"2024-01-03T15:33:28Z","version":"2024.01.03"},"user_signatures_packages":[],"softwareVersion":"4.10.0","bot_signatures_package":{"version":"2024.06.03","revision_datetime":"2024-05-13T16:30:06Z"},"componentVersions":{"wafEngineVersion":"11.48.0","wafNginxVersion":"5.48.0"},"threat_campaigns_package":{"version":"2024.01.02"},"completed_successfully":true,"event":"configuration_load_success"}
config_set_compiler|INFO|Jun 03 12:58:36.481|4573|F5::LockFactory::Base::unlock,,F5::LockFactory::Base Line 131 is going to unlock '/opt/app_protect/lock/config_set.lock', which is owned by PID '4573'.
config_set_compiler|INFO|Jun 03 12:58:36.481|4573|F5::LockFactory::Base::unlock,,F5::LockFactory::Base Line 131 has unlocked '/opt/app_protect/lock/config_set.lock'. (Lock count: '0', Self count: '0')
config_set_compiler|INFO|Jun 03 12:58:36.828|4579|,,Start: /opt/app_protect/bin/config_set_compiler --update-bot-signatures
config_set_compiler|INFO|Jun 03 12:58:36.834|4579|F5::LockFactory::Base::lock,,config_set_compiler Line 90 is going to lock '/opt/app_protect/lock/config_set.lock'. (flock flags: '2', dont_block: '0').
config_set_compiler|INFO|Jun 03 12:58:36.834|4579|F5::LockFactory::Base::lock,,config_set_compiler Line 90 has locked '/opt/app_protect/lock/config_set.lock'. (Lock count: '1', Self count: '1')
config_set_compiler|INFO|Jun 03 12:58:36.835|4579|(eval),,Setting nice priority to 1
config_set_compiler|INFO|Jun 03 12:58:36.847|4579|F5::Log::Job::log_job_status,,{"component":"config_set","datetime":"2024-06-03T19:58:36.846Z","jobCreateDatetime":"2024-06-03T19:58:36.846Z","jobId":"c861572dd2d170441fc237a6512c9bc4","jobStatus":"started","operationId":"init"}
config_set_compiler|INFO|Jun 03 12:58:36.869|4579|F5::ConfigSet::handle_update,,Loading bot_signatures revision 2024-06-03T09:02:07Z
config_set_compiler|INFO|Jun 03 12:58:36.869|4579|F5::ConfigSet::handle_update,,Loading bot_signatures file /opt/app_protect/var/update_files/bot_signatures/bot_signatures.bin.tgz
config_set_compiler|INFO|Jun 03 12:58:38.109|4579|F5::Log::Job::log_job_status,,{"component":"config_set","datetime":"2024-06-03T19:58:38.108Z","jobCreateDatetime":"2024-06-03T19:58:36.846Z","jobId":"c861572dd2d170441fc237a6512c9bc4","jobStatus":"completed","operationId":"init"}
config_set_compiler|INFO|Jun 03 12:58:38.111|4579|,,Returning: {"attack_signatures_package":{"revision_datetime":"2024-01-03T15:33:28Z","version":"2024.01.03"},"user_signatures_packages":[],"softwareVersion":"4.10.0","componentVersions":{"wafEngineVersion":"11.48.0","wafNginxVersion":"5.48.0"},"event":"configuration_load_success","bot_signatures_package":{"version":"2024.06.03","revision_datetime":"2024-06-03T09:02:07Z"},"completed_successfully":true,"threat_campaigns_package":{"version":"2024.01.02"}}
config_set_compiler|INFO|Jun 03 12:58:38.111|4579|F5::LockFactory::Base::unlock,,F5::LockFactory::Base Line 131 is going to unlock '/opt/app_protect/lock/config_set.lock', which is owned by PID '4579'.
config_set_compiler|INFO|Jun 03 12:58:38.111|4579|F5::LockFactory::Base::unlock,,F5::LockFactory::Base Line 131 has unlocked '/opt/app_protect/lock/config_set.lock'. (Lock count: '0', Self count: '0')
config_set_compiler|INFO|Jun 03 12:58:38.457|4585|,,Start: /opt/app_protect/bin/config_set_compiler --update-threat-campaigns
config_set_compiler|INFO|Jun 03 12:58:38.463|4585|F5::LockFactory::Base::lock,,config_set_compiler Line 90 is going to lock '/opt/app_protect/lock/config_set.lock'. (flock flags: '2', dont_block: '0').
config_set_compiler|INFO|Jun 03 12:58:38.463|4585|F5::LockFactory::Base::lock,,config_set_compiler Line 90 has locked '/opt/app_protect/lock/config_set.lock'. (Lock count: '1', Self count: '1')
config_set_compiler|INFO|Jun 03 12:58:38.464|4585|(eval),,Setting nice priority to 1
config_set_compiler|INFO|Jun 03 12:58:38.476|4585|F5::Log::Job::log_job_status,,{"component":"config_set","datetime":"2024-06-03T19:58:38.476Z","jobCreateDatetime":"2024-06-03T19:58:38.476Z","jobId":"69d22732cfb08ecf800ae48673b999a5","jobStatus":"started","operationId":"init"}
config_set_compiler|INFO|Jun 03 12:58:38.482|4585|F5::ConfigSet::handle_update,,Loading threat_campaigns revision 2024-01-02T08:09:00Z
config_set_compiler|INFO|Jun 03 12:58:38.482|4585|F5::ConfigSet::handle_update,,Loading threat_campaigns file /opt/app_protect/var/update_files/threat_campaigns/threat_campaigns.bin.tgz
config_set_compiler|INFO|Jun 03 12:58:40.793|4585|F5::Log::Job::log_job_status,,{"component":"config_set","datetime":"2024-06-03T19:58:40.793Z","jobCreateDatetime":"2024-06-03T19:58:38.476Z","jobId":"69d22732cfb08ecf800ae48673b999a5","jobStatus":"completed","operationId":"init"}
config_set_compiler|INFO|Jun 03 12:58:40.795|4585|,,Returning: {"componentVersions":{"wafNginxVersion":"5.48.0","wafEngineVersion":"11.48.0"},"user_signatures_packages":[],"threat_campaigns_package":{"version":"2024.01.02","revision_datetime":"2024-01-02T08:09:00Z"},"bot_signatures_package":{"revision_datetime":"2024-06-03T09:02:07Z","version":"2024.06.03"},"event":"configuration_load_success","attack_signatures_package":{"version":"2024.01.03","revision_datetime":"2024-01-03T15:33:28Z"},"softwareVersion":"4.10.0","completed_successfully":true}
config_set_compiler|INFO|Jun 03 12:58:40.795|4585|F5::LockFactory::Base::unlock,,F5::LockFactory::Base Line 131 is going to unlock '/opt/app_protect/lock/config_set.lock', which is owned by PID '4585'.
config_set_compiler|INFO|Jun 03 12:58:40.795|4585|F5::LockFactory::Base::unlock,,F5::LockFactory::Base Line 131 has unlocked '/opt/app_protect/lock/config_set.lock'. (Lock count: '0', Self count: '0')
apcompile-full|INFO|Jun 03 12:58:41.528|4597|F5::Log::Job::log_job_status,,{"component":"config_set","datetime":"2024-06-03T19:58:41.528Z","jobCreateDatetime":"2024-06-03T19:58:41.527Z","jobId":"b0341810adef47394519795f7ba2e2b3","jobStatus":"started","operationId":"init"}
apcompile-full|INFO|Jun 03 12:58:41.528|4597|F5::Log::Job::log_job_status,,{"component":"config_set","datetime":"2024-06-03T19:58:41.528Z","jobCreateDatetime":"2024-06-03T19:58:41.527Z","jobId":"b0341810adef47394519795f7ba2e2b3","jobStatus":"completed","operationId":"init"}
apcompile-full|INFO|Jun 03 12:58:41.660|4597|F5::Log::Job::log_job_status,,{"component":"config_set","datetime":"2024-06-03T19:58:41.66Z","jobCreateDatetime":"2024-06-03T19:58:41.66Z","jobId":"bf6a61b63e2ec971b6a44e2a02682cb6","jobStatus":"started","operationId":"init"}
apcompile-full|INFO|Jun 03 12:58:41.660|4597|F5::Log::Job::log_job_status,,{"component":"config_set","datetime":"2024-06-03T19:58:41.66Z","jobCreateDatetime":"2024-06-03T19:58:41.66Z","jobId":"bf6a61b63e2ec971b6a44e2a02682cb6","jobStatus":"completed","operationId":"init"}
config_set_compiler|INFO|Jun 17 16:33:54.203|9861|,,Start: /opt/app_protect/bin/config_set_compiler --update-signatures
config_set_compiler|INFO|Jun 17 16:33:54.213|9861|F5::LockFactory::Base::lock,,config_set_compiler Line 90 is going to lock '/opt/app_protect/lock/config_set.lock'. (flock flags: '2', dont_block: '0').
config_set_compiler|INFO|Jun 17 16:33:54.213|9861|F5::LockFactory::Base::lock,,config_set_compiler Line 90 has locked '/opt/app_protect/lock/config_set.lock'. (Lock count: '1', Self count: '1')
config_set_compiler|INFO|Jun 17 16:33:54.214|9861|(eval),,Setting nice priority to 1
config_set_compiler|INFO|Jun 17 16:33:54.230|9861|F5::Log::Job::log_job_status,,{"component":"config_set","datetime":"2025-06-17T23:33:54.23Z","jobCreateDatetime":"2025-06-17T23:33:54.23Z","jobId":"8cdf86c1891dd880be7b86a808167498","jobStatus":"started","operationId":"init"}
config_set_compiler|INFO|Jun 17 16:33:54.237|9861|F5::ConfigSet::handle_update,,Loading signatures revision 2025-06-11T16:36:27Z
config_set_compiler|INFO|Jun 17 16:33:54.237|9861|F5::ConfigSet::handle_update,,Loading signatures file /opt/app_protect/var/update_files/signatures/signatures.bin.tgz
config_set_compiler|INFO|Jun 17 16:34:21.272|9861|F5::Log::Job::log_job_status,,{"component":"config_set","datetime":"2025-06-17T23:34:21.272Z","jobCreateDatetime":"2025-06-17T23:33:54.23Z","jobId":"8cdf86c1891dd880be7b86a808167498","jobStatus":"completed","operationId":"init"}
config_set_compiler|INFO|Jun 17 16:34:21.274|9861|,,Returning: {"completed_successfully":true,"user_signatures_packages":[],"componentVersions":{"wafEngineVersion":"11.336.0","wafNginxVersion":"5.342.0"},"bot_signatures_package":{"version":"2025.06.10","revision_datetime":"2025-03-17T23:03:15Z"},"event":"configuration_load_success","softwareVersion":"4.14.0","threat_campaigns_package":{"version":"2025.06.16"},"attack_signatures_package":{"version":"2025.06.11","revision_datetime":"2025-06-11T16:36:27Z"}}
config_set_compiler|INFO|Jun 17 16:34:21.274|9861|F5::LockFactory::Base::unlock,,F5::LockFactory::Base Line 131 is going to unlock '/opt/app_protect/lock/config_set.lock', which is owned by PID '9861'.
config_set_compiler|INFO|Jun 17 16:34:21.274|9861|F5::LockFactory::Base::unlock,,F5::LockFactory::Base Line 131 has unlocked '/opt/app_protect/lock/config_set.lock'. (Lock count: '0', Self count: '0')
config_set_compiler|INFO|Jun 17 16:34:21.706|9867|,,Start: /opt/app_protect/bin/config_set_compiler --update-bot-signatures
config_set_compiler|INFO|Jun 17 16:34:21.709|9867|F5::LockFactory::Base::lock,,config_set_compiler Line 90 is going to lock '/opt/app_protect/lock/config_set.lock'. (flock flags: '2', dont_block: '0').
config_set_compiler|INFO|Jun 17 16:34:21.709|9867|F5::LockFactory::Base::lock,,config_set_compiler Line 90 has locked '/opt/app_protect/lock/config_set.lock'. (Lock count: '1', Self count: '1')
config_set_compiler|INFO|Jun 17 16:34:21.710|9867|(eval),,Setting nice priority to 1
config_set_compiler|INFO|Jun 17 16:34:21.725|9867|F5::Log::Job::log_job_status,,{"component":"config_set","datetime":"2025-06-17T23:34:21.725Z","jobCreateDatetime":"2025-06-17T23:34:21.725Z","jobId":"8385d626eab515b409af4664c16db5db","jobStatus":"started","operationId":"init"}
config_set_compiler|INFO|Jun 17 16:34:21.752|9867|F5::ConfigSet::handle_update,,Loading bot_signatures revision 2025-06-10T11:19:04Z
config_set_compiler|INFO|Jun 17 16:34:21.753|9867|F5::ConfigSet::handle_update,,Loading bot_signatures file /opt/app_protect/var/update_files/bot_signatures/bot_signatures.bin.tgz
config_set_compiler|INFO|Jun 17 16:34:23.529|9867|F5::Log::Job::log_job_status,,{"component":"config_set","datetime":"2025-06-17T23:34:23.528Z","jobCreateDatetime":"2025-06-17T23:34:21.725Z","jobId":"8385d626eab515b409af4664c16db5db","jobStatus":"completed","operationId":"init"}
config_set_compiler|INFO|Jun 17 16:34:23.531|9867|,,Returning: {"attack_signatures_package":{"revision_datetime":"2025-06-11T16:36:27Z","version":"2025.06.11"},"threat_campaigns_package":{"version":"2025.06.16"},"softwareVersion":"4.14.0","event":"configuration_load_success","bot_signatures_package":{"revision_datetime":"2025-06-10T11:19:04Z","version":"2025.06.10"},"user_signatures_packages":[],"completed_successfully":true,"componentVersions":{"wafNginxVersion":"5.342.0","wafEngineVersion":"11.336.0"}}
config_set_compiler|INFO|Jun 17 16:34:23.531|9867|F5::LockFactory::Base::unlock,,F5::LockFactory::Base Line 131 is going to unlock '/opt/app_protect/lock/config_set.lock', which is owned by PID '9867'.
config_set_compiler|INFO|Jun 17 16:34:23.531|9867|F5::LockFactory::Base::unlock,,F5::LockFactory::Base Line 131 has unlocked '/opt/app_protect/lock/config_set.lock'. (Lock count: '0', Self count: '0')
config_set_compiler|INFO|Jun 17 16:34:23.942|9873|,,Start: /opt/app_protect/bin/config_set_compiler --update-threat-campaigns
config_set_compiler|INFO|Jun 17 16:34:23.946|9873|F5::LockFactory::Base::lock,,config_set_compiler Line 90 is going to lock '/opt/app_protect/lock/config_set.lock'. (flock flags: '2', dont_block: '0').
config_set_compiler|INFO|Jun 17 16:34:23.946|9873|F5::LockFactory::Base::lock,,config_set_compiler Line 90 has locked '/opt/app_protect/lock/config_set.lock'. (Lock count: '1', Self count: '1')
config_set_compiler|INFO|Jun 17 16:34:23.946|9873|(eval),,Setting nice priority to 1
config_set_compiler|INFO|Jun 17 16:34:23.961|9873|F5::Log::Job::log_job_status,,{"component":"config_set","datetime":"2025-06-17T23:34:23.961Z","jobCreateDatetime":"2025-06-17T23:34:23.961Z","jobId":"ceeef648c5076ba493a731bc47e8f9b2","jobStatus":"started","operationId":"init"}
config_set_compiler|INFO|Jun 17 16:34:23.965|9873|F5::ConfigSet::handle_update,,Loading threat_campaigns revision 2025-06-16T10:18:19Z
config_set_compiler|INFO|Jun 17 16:34:23.965|9873|F5::ConfigSet::handle_update,,Loading threat_campaigns file /opt/app_protect/var/update_files/threat_campaigns/threat_campaigns.bin.tgz
config_set_compiler|INFO|Jun 17 16:34:26.737|9873|F5::Log::Job::log_job_status,,{"component":"config_set","datetime":"2025-06-17T23:34:26.737Z","jobCreateDatetime":"2025-06-17T23:34:23.961Z","jobId":"ceeef648c5076ba493a731bc47e8f9b2","jobStatus":"completed","operationId":"init"}
config_set_compiler|INFO|Jun 17 16:34:26.739|9873|,,Returning: {"attack_signatures_package":{"version":"2025.06.11","revision_datetime":"2025-06-11T16:36:27Z"},"componentVersions":{"wafNginxVersion":"5.342.0","wafEngineVersion":"11.336.0"},"user_signatures_packages":[],"completed_successfully":true,"bot_signatures_package":{"version":"2025.06.10","revision_datetime":"2025-06-10T11:19:04Z"},"threat_campaigns_package":{"version":"2025.06.16","revision_datetime":"2025-06-16T10:18:19Z"},"softwareVersion":"4.14.0","event":"configuration_load_success"}
config_set_compiler|INFO|Jun 17 16:34:26.740|9873|F5::LockFactory::Base::unlock,,F5::LockFactory::Base Line 131 is going to unlock '/opt/app_protect/lock/config_set.lock', which is owned by PID '9873'.
config_set_compiler|INFO|Jun 17 16:34:26.740|9873|F5::LockFactory::Base::unlock,,F5::LockFactory::Base Line 131 has unlocked '/opt/app_protect/lock/config_set.lock'. (Lock count: '0', Self count: '0')
apcompile-full|INFO|Jun 17 16:34:27.597|9886|F5::Log::Job::log_job_status,,{"component":"config_set","datetime":"2025-06-17T23:34:27.597Z","jobCreateDatetime":"2025-06-17T23:34:27.597Z","jobId":"4e20a4a090803fb16458d0d2a4361018","jobStatus":"started","operationId":"init"}
apcompile-full|INFO|Jun 17 16:34:27.597|9886|F5::Log::Job::log_job_status,,{"component":"config_set","datetime":"2025-06-17T23:34:27.597Z","jobCreateDatetime":"2025-06-17T23:34:27.597Z","jobId":"4e20a4a090803fb16458d0d2a4361018","jobStatus":"completed","operationId":"init"}
apcompile-full|INFO|Jun 17 16:34:27.707|9886|F5::Log::Job::log_job_status,,{"component":"config_set","datetime":"2025-06-17T23:34:27.707Z","jobCreateDatetime":"2025-06-17T23:34:27.707Z","jobId":"45fab7fe138d1575e165a2d693829889","jobStatus":"started","operationId":"init"}
apcompile-full|INFO|Jun 17 16:34:27.707|9886|F5::Log::Job::log_job_status,,{"component":"config_set","datetime":"2025-06-17T23:34:27.707Z","jobCreateDatetime":"2025-06-17T23:34:27.707Z","jobId":"45fab7fe138d1575e165a2d693829889","jobStatus":"completed","operationId":"init"}
config_set_compiler|INFO|Jun 17 16:37:27.472|10281|,,Start: /opt/app_protect/bin/config_set_compiler -i /opt/app_protect/config/config_set.json --policy-map-location=/opt/app_protect/bd_config/policy_path.map -t --job-id 459885c8dd98c7eac9b37865f73e3cf1 --job-create-datetime 2025-06-17T16:37:27.105946865-07:00
config_set_compiler|INFO|Jun 17 16:37:27.475|10281|,,Can't chdir to current directory, changing to home.
config_set_compiler|INFO|Jun 17 16:37:27.476|10281|F5::LockFactory::Base::lock,,config_set_compiler Line 90 is going to lock '/opt/app_protect/lock/config_set.lock'. (flock flags: '2', dont_block: '0').
config_set_compiler|INFO|Jun 17 16:37:27.476|10281|F5::LockFactory::Base::lock,,config_set_compiler Line 90 has locked '/opt/app_protect/lock/config_set.lock'. (Lock count: '1', Self count: '1')
config_set_compiler|INFO|Jun 17 16:37:27.476|10281|(eval),,Setting nice priority to 1
config_set_compiler|INFO|Jun 17 16:37:27.491|10281|F5::Log::Job::log_job_status,,{"component":"config_set","configSetChecksum":"5343376b10fb1333924e4d00a8ef30fa","configSetSize":302,"datetime":"2025-06-17T23:37:27.491Z","jobCreateDatetime":"2025-06-17T16:37:27.105946865-07:00","jobId":"459885c8dd98c7eac9b37865f73e3cf1","jobStatus":"started","operationId":"init"}
config_set_compiler|INFO|Jun 17 16:37:27.491|10281|F5::ConfigSet::init,,Running in "Dry Run" mode.
config_set_compiler|INFO|Jun 17 16:37:27.492|10281|F5::ConfigSet::create,,Test config
config_set_compiler|INFO|Jun 17 16:37:27.492|10281|F5::ConfigSet::create,,Creating random cookie seed
config_set_compiler|INFO|Jun 17 16:37:27.494|10281|F5::ConfigSet::create,,Generating new DataProtection
config_set_compiler|INFO|Jun 17 16:37:28.529|10281|F5::ConfigSet::create,,Policy app_protect_default_policy matches signature from previous run -- skipping
config_set_compiler|INFO|Jun 17 16:37:28.533|10281|F5::Log::Job::log_job_status,,{"component":"config_set","configSetChecksum":"5343376b10fb1333924e4d00a8ef30fa","configSetSize":302,"datetime":"2025-06-17T23:37:28.533Z","jobCreateDatetime":"2025-06-17T16:37:27.105946865-07:00","jobId":"459885c8dd98c7eac9b37865f73e3cf1","jobStatus":"completed","operationId":"init"}
config_set_compiler|INFO|Jun 17 16:37:28.534|10281|,,Returning: {"event":"configuration_load_success","completed_successfully":true,"user_signatures_packages":[],"componentVersions":{"wafNginxVersion":"5.342.0","wafEngineVersion":"11.336.0"},"softwareVersion":"4.14.0","bot_signatures_package":{"revision_datetime":"2025-06-10T11:19:04Z","version":"2025.06.10"},"attack_signatures_package":{"revision_datetime":"2025-06-11T16:36:27Z","version":"2025.06.11"},"threat_campaigns_package":{"version":"2025.06.16","revision_datetime":"2025-06-16T10:18:19Z"}}
config_set_compiler|INFO|Jun 17 16:37:28.534|10281|F5::LockFactory::Base::unlock,,F5::LockFactory::Base Line 131 is going to unlock '/opt/app_protect/lock/config_set.lock', which is owned by PID '10281'.
config_set_compiler|INFO|Jun 17 16:37:28.535|10281|F5::LockFactory::Base::unlock,,F5::LockFactory::Base Line 131 has unlocked '/opt/app_protect/lock/config_set.lock'. (Lock count: '0', Self count: '0')
config_set_compiler|INFO|Jun 17 16:37:34.724|10296|,,Start: /opt/app_protect/bin/config_set_compiler -i /opt/app_protect/config/config_set.json --policy-map-location=/opt/app_protect/bd_config/policy_path.map -t --job-id f3925df6b0f08fe19d2f46e62b624fec --job-create-datetime 2025-06-17T16:37:34.363367757-07:00
config_set_compiler|INFO|Jun 17 16:37:34.727|10296|,,Can't chdir to current directory, changing to home.
config_set_compiler|INFO|Jun 17 16:37:34.728|10296|F5::LockFactory::Base::lock,,config_set_compiler Line 90 is going to lock '/opt/app_protect/lock/config_set.lock'. (flock flags: '2', dont_block: '0').
config_set_compiler|INFO|Jun 17 16:37:34.728|10296|F5::LockFactory::Base::lock,,config_set_compiler Line 90 has locked '/opt/app_protect/lock/config_set.lock'. (Lock count: '1', Self count: '1')
config_set_compiler|INFO|Jun 17 16:37:34.728|10296|(eval),,Setting nice priority to 1
config_set_compiler|INFO|Jun 17 16:37:34.744|10296|F5::Log::Job::log_job_status,,{"component":"config_set","configSetChecksum":"5343376b10fb1333924e4d00a8ef30fa","configSetSize":302,"datetime":"2025-06-17T23:37:34.743Z","jobCreateDatetime":"2025-06-17T16:37:34.363367757-07:00","jobId":"f3925df6b0f08fe19d2f46e62b624fec","jobStatus":"started","operationId":"init"}
config_set_compiler|INFO|Jun 17 16:37:34.744|10296|F5::ConfigSet::init,,Running in "Dry Run" mode.
config_set_compiler|INFO|Jun 17 16:37:34.744|10296|F5::ConfigSet::create,,Test config
config_set_compiler|INFO|Jun 17 16:37:34.744|10296|F5::ConfigSet::create,,Specified cookie seed matches from previous run -- skipping
config_set_compiler|INFO|Jun 17 16:37:34.783|10296|F5::ConfigSet::create,,Policy app_protect_default_policy matches signature from previous run -- skipping
config_set_compiler|INFO|Jun 17 16:37:34.787|10296|F5::Log::Job::log_job_status,,{"component":"config_set","configSetChecksum":"5343376b10fb1333924e4d00a8ef30fa","configSetSize":302,"datetime":"2025-06-17T23:37:34.787Z","jobCreateDatetime":"2025-06-17T16:37:34.363367757-07:00","jobId":"f3925df6b0f08fe19d2f46e62b624fec","jobStatus":"completed","operationId":"init"}
config_set_compiler|INFO|Jun 17 16:37:34.789|10296|,,Returning: {"softwareVersion":"4.14.0","componentVersions":{"wafEngineVersion":"11.336.0","wafNginxVersion":"5.342.0"},"threat_campaigns_package":{"version":"2025.06.16","revision_datetime":"2025-06-16T10:18:19Z"},"attack_signatures_package":{"revision_datetime":"2025-06-11T16:36:27Z","version":"2025.06.11"},"event":"configuration_load_success","completed_successfully":true,"bot_signatures_package":{"version":"2025.06.10","revision_datetime":"2025-06-10T11:19:04Z"},"user_signatures_packages":[]}
config_set_compiler|INFO|Jun 17 16:37:34.789|10296|F5::LockFactory::Base::unlock,,F5::LockFactory::Base Line 131 is going to unlock '/opt/app_protect/lock/config_set.lock', which is owned by PID '10296'.
config_set_compiler|INFO|Jun 17 16:37:34.789|10296|F5::LockFactory::Base::unlock,,F5::LockFactory::Base Line 131 has unlocked '/opt/app_protect/lock/config_set.lock'. (Lock count: '0', Self count: '0')
config_set_compiler|INFO|Jun 17 16:37:35.209|10308|,,Start: /opt/app_protect/bin/config_set_compiler -i /opt/app_protect/config/config_set.json --policy-map-location=/opt/app_protect/bd_config/policy_path.map --apply --job-id 64c18bcbf94a1251711e1f74502755aa --job-create-datetime 2025-06-17T16:37:34.851430123-07:00
config_set_compiler|INFO|Jun 17 16:37:35.212|10308|,,Can't chdir to current directory, changing to home.
config_set_compiler|INFO|Jun 17 16:37:35.213|10308|F5::LockFactory::Base::lock,,config_set_compiler Line 90 is going to lock '/opt/app_protect/lock/config_set.lock'. (flock flags: '2', dont_block: '0').
config_set_compiler|INFO|Jun 17 16:37:35.213|10308|F5::LockFactory::Base::lock,,config_set_compiler Line 90 has locked '/opt/app_protect/lock/config_set.lock'. (Lock count: '1', Self count: '1')
config_set_compiler|INFO|Jun 17 16:37:35.213|10308|(eval),,Setting nice priority to 1
config_set_compiler|INFO|Jun 17 16:37:35.228|10308|F5::Log::Job::log_job_status,,{"component":"config_set","configSetChecksum":"5343376b10fb1333924e4d00a8ef30fa","configSetSize":285,"datetime":"2025-06-17T23:37:35.228Z","jobCreateDatetime":"2025-06-17T16:37:34.851430123-07:00","jobId":"64c18bcbf94a1251711e1f74502755aa","jobStatus":"started","operationId":"init"}
config_set_compiler|INFO|Jun 17 16:37:35.229|10308|F5::ConfigSet::create,,Specified cookie seed matches from previous run -- skipping
config_set_compiler|INFO|Jun 17 16:37:35.267|10308|F5::ConfigSet::create,,Policy app_protect_default_policy matches signature from previous run -- skipping
config_set_compiler|INFO|Jun 17 16:37:35.267|10308|F5::LockFactory::Base::lock,,F5::ConfigSet Line 571 is going to lock '/opt/app_protect/lock/ts_db.lock'. (flock flags: '2', dont_block: '0').
config_set_compiler|INFO|Jun 17 16:37:35.267|10308|F5::LockFactory::Base::lock,,F5::ConfigSet Line 571 has locked '/opt/app_protect/lock/ts_db.lock'. (Lock count: '1', Self count: '1')
config_set_compiler|INFO|Jun 17 16:37:35.671|10308|F5::Log::Job::log_job_status,,{"component":"config_set","configSetChecksum":"5343376b10fb1333924e4d00a8ef30fa","configSetSize":285,"datetime":"2025-06-17T23:37:35.671Z","jobCreateDatetime":"2025-06-17T16:37:34.851430123-07:00","jobId":"64c18bcbf94a1251711e1f74502755aa","jobStatus":"completed","operationId":"init"}
config_set_compiler|INFO|Jun 17 16:37:36.236|10308|F5::Log::Job::log_job_status,,{"component":"set_active","configSetChecksum":"5343376b10fb1333924e4d00a8ef30fa","configSetSize":285,"datetime":"2025-06-17T23:37:36.236Z","jobCreateDatetime":"2025-06-17T16:37:34.851430123-07:00","jobId":"64c18bcbf94a1251711e1f74502755aa","jobStatus":"started","operationId":"init"}
config_set_compiler|INFO|Jun 17 16:37:36.237|10308|F5::LockFactory::Base::lock,,F5::SetActive::Impl Line 150 is going to lock '/opt/app_protect/lock/ts_db.lock'. (flock flags: '2', dont_block: '0').
config_set_compiler|INFO|Jun 17 16:37:36.237|10308|F5::LockFactory::Base::lock,,F5::SetActive::Impl Line 150 has locked '/opt/app_protect/lock/ts_db.lock'. (Lock count: '2', Self count: '1')
config_set_compiler|INFO|Jun 17 16:37:36.250|10308|F5::LockFactory::Base::lock,,F5::SetActive::Impl Line 619 is going to lock '/opt/app_protect/lock/ts_db.lock'. (flock flags: '2', dont_block: '0').
config_set_compiler|INFO|Jun 17 16:37:36.250|10308|F5::LockFactory::Base::lock,,F5::SetActive::Impl Line 619 has locked '/opt/app_protect/lock/ts_db.lock'. (Lock count: '3', Self count: '1')
config_set_compiler|INFO|Jun 17 16:37:36.401|10308|F5::PrepareFiles::PrepareCoreFilesUpdate,,Started BD data files prepare
config_set_compiler|INFO|Jun 17 16:37:36.404|10308|F5::PrepareFiles::PrepareInternalConfigFiles,,started, site_id=
config_set_compiler|INFO|Jun 17 16:37:36.408|10308|F5::PrepareFiles::PrepareInternalConfigFiles,,ended, site_id=
config_set_compiler|INFO|Jun 17 16:37:37.115|10308|F5::PrepareFiles::prepare_core_files,,Preparing core files for DCC.NEGSIG_SIGNATURE_PROPERTIES completed (0.699 sec)
config_set_compiler|INFO|Jun 17 16:37:38.080|10308|F5::PrepareFiles::prepare_core_files,,Preparing core files for DCC.NEGSIG_SIGNATURES_NAMES completed (0.918 sec)
config_set_compiler|INFO|Jun 17 16:37:38.380|10308|F5::PrepareFiles::prepare_core_files,,Preparing core files for DCC.BOT_SIGNATURES completed (0.223 sec)
config_set_compiler|INFO|Jun 17 16:37:38.390|10308|F5::PrepareFiles::prepare_core_files,,Copying unchanged core files from previous generation
config_set_compiler|INFO|Jun 17 16:37:38.391|10308|F5::PrepareFiles::prepare_core_files,,Preparing core files manifest
config_set_compiler|INFO|Jun 17 16:37:38.395|10308|F5::PrepareFiles::PrepareCoreFilesUpdate,,Completed BD data files prepare
config_set_compiler|INFO|Jun 17 16:37:38.395|10308|F5::SetActive::Impl::send_update_core,,Writing update generation '2'
config_set_compiler|INFO|Jun 17 16:37:53.005|10308|F5::SetActive::Impl::send_update_core,,Still waiting for bd to update /opt/app_protect/bd_config/tables/bd_cfg_manifest_load_state.json (15 seconds)
config_set_compiler|INFO|Jun 17 16:38:08.012|10308|F5::SetActive::Impl::send_update_core,,Still waiting for bd to update /opt/app_protect/bd_config/tables/bd_cfg_manifest_load_state.json (30 seconds)
config_set_compiler|INFO|Jun 17 16:38:23.022|10308|F5::SetActive::Impl::send_update_core,,Still waiting for bd to update /opt/app_protect/bd_config/tables/bd_cfg_manifest_load_state.json (45 seconds)
config_set_compiler|INFO|Jun 17 16:38:23.022|10308|F5::SetActive::Impl::send_update_core,,Configuration update exceeded maximum interval, aborting
config_set_compiler|INFO|Jun 17 16:38:23.022|10308|F5::SetActive::Impl::send_update_core,,Found update from bd in /opt/app_protect/bd_config/tables/bd_cfg_manifest_load_state.json after 45 seconds
config_set_compiler|INFO|Jun 17 16:38:23.022|10308|F5::SetActive::Impl::send_update_core,,Update core failed No response from BD
config_set_compiler|INFO|Jun 17 16:38:23.022|10308|F5::LockFactory::Base::unlock,,F5::SetActive::Impl Line 719 is going to unlock '/opt/app_protect/lock/ts_db.lock', which is owned by PID '10308'.
config_set_compiler|INFO|Jun 17 16:38:23.023|10308|F5::LockFactory::Base::unlock,,F5::SetActive::Impl Line 719 has unlocked '/opt/app_protect/lock/ts_db.lock'. (Lock count: '2', Self count: '0')
config_set_compiler|INFO|Jun 17 16:38:23.023|10308|F5::LockFactory::Base::unlock,,F5::SetActive::Impl Line 550 is going to unlock '/opt/app_protect/lock/ts_db.lock', which is owned by PID '10308'.
config_set_compiler|INFO|Jun 17 16:38:23.023|10308|F5::LockFactory::Base::unlock,,F5::SetActive::Impl Line 550 has unlocked '/opt/app_protect/lock/ts_db.lock'. (Lock count: '1', Self count: '0')
config_set_compiler|INFO|Jun 17 16:38:23.023|10308|F5::Log::Job::log_job_status,,{"component":"set_active","configSetChecksum":"5343376b10fb1333924e4d00a8ef30fa","configSetSize":285,"datetime":"2025-06-17T23:38:23.023Z","jobCreateDatetime":"2025-06-17T16:37:34.851430123-07:00","jobId":"64c18bcbf94a1251711e1f74502755aa","jobStatus":"failed","operationId":"init"}
config_set_compiler|INFO|Jun 17 16:38:23.025|10308|F5::LockFactory::Base::unlock,,F5::LockFactory::Base Line 131 is going to unlock '/opt/app_protect/lock/ts_db.lock', which is owned by PID '10308'.
config_set_compiler|INFO|Jun 17 16:38:23.025|10308|F5::LockFactory::Base::unlock,,F5::LockFactory::Base Line 131 has unlocked '/opt/app_protect/lock/ts_db.lock'. (Lock count: '0', Self count: '0')
config_set_compiler|INFO|Jun 17 16:38:23.026|10308|,,Returning: {"event":"configuration_load_failure","completed_successfully":false,"componentVersions":{"wafNginxVersion":"5.342.0","wafEngineVersion":"11.336.0"},"softwareVersion":"4.14.0","error_message":"No response from BD"}
config_set_compiler|INFO|Jun 17 16:38:23.026|10308|F5::LockFactory::Base::unlock,,F5::LockFactory::Base Line 131 is going to unlock '/opt/app_protect/lock/config_set.lock', which is owned by PID '10308'.
config_set_compiler|INFO|Jun 17 16:38:23.026|10308|F5::LockFactory::Base::unlock,,F5::LockFactory::Base Line 131 has unlocked '/opt/app_protect/lock/config_set.lock'. (Lock count: '0', Self count: '0')
